<?xml version="1.0" encoding="UTF-8"?>
<persistence version="2.0"
	xmlns="http://java.sun.com/xml/ns/persistence" xmlns:xsi="http://www.w3.org/2001/XMLSchema-instance"
	xsi:schemaLocation="
        http://java.sun.com/xml/ns/persistence
        http://java.sun.com/xml/ns/persistence/persistence_2_0.xsd">
	<persistence-unit name="SWFunit">
		<provider>org.eclipse.persistence.jpa.PersistenceProvider</provider>
		<jta-data-source>jdbc/arquillian</jta-data-source>
		<class>sunspring.tests.jpa.ShrEmployeesAll</class>
		<class>sunspring.tests.jpa.ShrEmpTxnSummariesAll</class>
		<class>sunspring.tests.jpa.FndLookupValue</class>
		<class>sunspring.tests.jpa.FunLookupValueKey</class>
		<class>sunspring.tests.jpa.ShrDepartmentsAll</class>
		<class>sunspring.tests.jpa.ShrDeptEntriesAll</class>
		<class>sunspring.swf.jpa.SwfItemApplAll</class>
		<class>sunspring.swf.jpa.SwfItemHdrAll</class>
		<class>sunspring.swf.jpa.SwfItemLineAll</class>
		<class>sunspring.swf.jpa.SwfItemTxnAll</class>
		<class>sunspring.swf.jpa.SwfStationAll</class>
		<class>sunspring.swf.jpa.SwfStationRuleAll</class>
		<class>sunspring.swf.jpa.SwfStationTxnAll</class>
		<class>sunspring.swf.jpa.SwfEmpsAll</class>
		<class>sunspring.swf.jpa.SwfDeptAll</class>
		<class>sunspring.swf.jpa.SwfOfficeDutyAll</class>
		<class>sunspring.swf.jpa.SwfAuthAll</class>
		<properties>
		<!--  
			<property name="eclipselink.ddl-generation" value="drop-and-create-tables" />
		-->	
			<property name="eclipselink.logging.level.sql" value="FINE" />
			<property name="eclipselink.logging.parameters" value="true" />
		</properties>
	</persistence-unit>
</persistence>